<?xml version="1.0" encoding="UTF-8"?>
<!-- Generated by org.testng.reporters.JUnitReportReporter -->
<testsuite skipped="0" hostname="LAPTOP-15QQQVVK" name="webler.szakdolgozat.honeyAndSalt.UseCaseTest" tests="5" failures="0" timestamp="2020-12-10T18:48:39 CET" time="75.767" errors="0">
  <testcase name="favouriteTest" time="15.407" classname="webler.szakdolgozat.honeyAndSalt.UseCaseTest"/>
  <system-out/>
  <testcase name="editRecipeTestAdmin" time="15.293" classname="webler.szakdolgozat.honeyAndSalt.UseCaseTest"/>
  <system-out/>
  <testcase name="tryEveryNavigationElement" time="14.174" classname="webler.szakdolgozat.honeyAndSalt.UseCaseTest"/>
  <system-out/>
  <testcase name="registrationTest" time="14.356" classname="webler.szakdolgozat.honeyAndSalt.UseCaseTest"/>
  <system-out/>
  <testcase name="searchTest" time="16.537" classname="webler.szakdolgozat.honeyAndSalt.UseCaseTest"/>
  <system-out/>
</testsuite> <!-- webler.szakdolgozat.honeyAndSalt.UseCaseTest -->
