<?xml version="1.0" encoding="UTF-8"?>
<!-- Generated by org.testng.reporters.JUnitReportReporter -->
<testsuite skipped="0" hostname="LAPTOP-15QQQVVK" name="webler.szakdolgozat.honeyAndSalt.UseCaseTest" tests="1" failures="0" timestamp="2020-12-06T16:32:40 CET" time="11.570" errors="0">
  <testcase name="favouriteTest" time="11.570" classname="webler.szakdolgozat.honeyAndSalt.UseCaseTest"/>
  <system-out/>
</testsuite> <!-- webler.szakdolgozat.honeyAndSalt.UseCaseTest -->
