<?xml version="1.0" encoding="UTF-8"?>
<!-- Generated by org.testng.reporters.JUnitReportReporter -->
<testsuite skipped="0" hostname="LAPTOP-15QQQVVK" name="webler.szakdolgozat.honeyAndSalt.LoginTest" tests="1" failures="0" timestamp="2020-11-19T19:19:38 CET" time="6.587" errors="0">
  <testcase name="userLoginTest" time="6.587" classname="webler.szakdolgozat.honeyAndSalt.LoginTest"/>
  <system-out/>
</testsuite> <!-- webler.szakdolgozat.honeyAndSalt.LoginTest -->
