<?xml version="1.0" encoding="UTF-8"?>
<!-- Generated by org.testng.reporters.JUnitReportReporter -->
<testsuite skipped="0" hostname="LAPTOP-15QQQVVK" name="webler.szakdolgozat.honeyAndSalt.UseCaseTest" tests="5" failures="0" timestamp="2020-12-06T17:14:39 CET" time="76.139" errors="0">
  <testcase name="favouriteTest" time="15.450" classname="webler.szakdolgozat.honeyAndSalt.UseCaseTest"/>
  <system-out/>
  <testcase name="editRecipeTestAdmin" time="15.446" classname="webler.szakdolgozat.honeyAndSalt.UseCaseTest"/>
  <system-out/>
  <testcase name="tryEveryNavigationElement" time="14.268" classname="webler.szakdolgozat.honeyAndSalt.UseCaseTest"/>
  <system-out/>
  <testcase name="registrationTest" time="14.403" classname="webler.szakdolgozat.honeyAndSalt.UseCaseTest"/>
  <system-out/>
  <testcase name="searchTest" time="16.572" classname="webler.szakdolgozat.honeyAndSalt.UseCaseTest"/>
  <system-out/>
</testsuite> <!-- webler.szakdolgozat.honeyAndSalt.UseCaseTest -->
